<?xml version="1.0" encoding="UTF-8"?>
<!-- Generated by org.testng.reporters.JUnitReportReporter -->
<testsuite hostname="CyedTechnologies" failures="0" tests="1" name="testCases.ExtentReportingDemo" time="3.660" errors="0" timestamp="2022-07-24T21:44:44 EDT" skipped="0">
  <testcase classname="testCases.ExtentReportingDemo" name="testCaseNo1" time="3.660"/>
  <system-out/>
</testsuite> <!-- testCases.ExtentReportingDemo -->
