<?xml version="1.0" encoding="UTF-8"?>
<!-- Generated by org.testng.reporters.JUnitReportReporter -->
<testsuite hostname="DESKTOP-K7BIRIK" failures="0" tests="2" name="udemyAcademy.A_tSection19_z.Maven.SamsungTest" time="0.011" errors="0" timestamp="2022-05-26T22:03:01 EDT" skipped="0">
  <testcase classname="udemyAcademy.A_tSection19_z.Maven.SamsungTest" name="SamsungGalaxyA735G" time="0.001"/>
  <system-out/>
  <testcase classname="udemyAcademy.A_tSection19_z.Maven.SamsungTest" name="SamsungGalaxyA535G" time="0.010"/>
  <system-out/>
</testsuite> <!-- udemyAcademy.A_tSection19_z.Maven.SamsungTest -->
