<?xml version="1.0" encoding="UTF-8"?>
<!-- Generated by org.testng.reporters.JUnitReportReporter -->
<testsuite hostname="CyedTechnologies" failures="0" tests="2" name="testCases.ExtentReport" time="10.184" errors="0" timestamp="2022-07-25T13:38:27 EDT" skipped="0">
  <testcase classname="testCases.ExtentReport" name="testCaseNo1" time="5.651"/>
  <system-out/>
  <testcase classname="testCases.ExtentReport" name="testCaseNo2" time="4.533"/>
  <system-out/>
</testsuite> <!-- testCases.ExtentReport -->
