<?xml version="1.0" encoding="UTF-8"?>
<!-- Generated by org.testng.reporters.JUnitReportReporter -->
<testsuite hostname="CyedTechnologies" failures="0" tests="1" name="testCases.LoginPageTestCases" time="3.477" errors="0" timestamp="2022-07-16T23:40:58 EDT" skipped="0">
  <testcase classname="testCases.LoginPageTestCases" name="TestCase1" time="3.477"/>
  <system-out/>
</testsuite> <!-- testCases.LoginPageTestCases -->
