<?xml version="1.0" encoding="UTF-8"?>
<!-- Generated by org.testng.reporters.JUnitReportReporter -->
<testsuite hostname="DESKTOP-K7BIRIK" failures="0" tests="1" name="testCases.SignInPageTestCases" time="0.052" errors="0" timestamp="2022-07-13T17:59:35 EDT" skipped="0">
  <testcase classname="testCases.SignInPageTestCases" name="Test1" time="0.052"/>
  <system-out/>
</testsuite> <!-- testCases.SignInPageTestCases -->
