<?xml version="1.0" encoding="UTF-8"?>
<!-- Generated by org.testng.reporters.JUnitReportReporter -->
<testsuite hostname="DESKTOP-K7BIRIK" failures="0" tests="1" name="testCases.LogInPageTestCases" time="0.578" errors="0" timestamp="2022-07-13T23:24:52 EDT" skipped="0">
  <testcase classname="testCases.LogInPageTestCases" name="Test2" time="0.578"/>
  <system-out/>
</testsuite> <!-- testCases.LogInPageTestCases -->
