<?xml version="1.0" encoding="UTF-8"?>
<!-- Generated by org.testng.reporters.JUnitReportReporter -->
<testsuite hostname="DESKTOP-K7BIRIK" failures="0" tests="1" name="testCases.SignInTextTestCases" time="1.076" errors="0" timestamp="2022-07-13T23:24:52 EDT" skipped="0">
  <testcase classname="testCases.SignInTextTestCases" name="Test1" time="1.076"/>
  <system-out/>
</testsuite> <!-- testCases.SignInTextTestCases -->
