<?xml version="1.0" encoding="UTF-8"?>
<!-- Generated by org.testng.reporters.JUnitReportReporter -->
<testsuite hostname="DESKTOP-K7BIRIK" failures="0" tests="2" name="udemyAcademy.A_tSection19_z.Maven.NokiaTest" time="0.011" errors="0" timestamp="2022-05-26T22:03:55 EDT" skipped="0">
  <testcase classname="udemyAcademy.A_tSection19_z.Maven.NokiaTest" name="Nokia8Sirocco" time="0.009"/>
  <system-out/>
  <testcase classname="udemyAcademy.A_tSection19_z.Maven.NokiaTest" name="Nokia9PureView" time="0.002"/>
  <system-out/>
</testsuite> <!-- udemyAcademy.A_tSection19_z.Maven.NokiaTest -->
