<?xml version="1.0" encoding="UTF-8"?>
<!-- Generated by org.testng.reporters.JUnitReportReporter -->
<testsuite hostname="DESKTOP-K7BIRIK" failures="0" tests="1" name="udemyAcademy.A_tSection19_z.Maven.IphoneTest" time="0.011" errors="0" timestamp="2022-05-25T21:37:34 EDT" skipped="0">
  <testcase classname="udemyAcademy.A_tSection19_z.Maven.IphoneTest" name="Iphone6" time="0.011"/>
  <system-out/>
</testsuite> <!-- udemyAcademy.A_tSection19_z.Maven.IphoneTest -->
