<?xml version="1.0" encoding="UTF-8"?>
<!-- Generated by org.testng.reporters.JUnitReportReporter -->
<testsuite hostname="CyedTechnologies" failures="0" tests="1" name="testCases.ProductsTestCases" time="3.718" errors="0" timestamp="2022-07-17T17:04:28 EDT" skipped="0">
  <testcase classname="testCases.ProductsTestCases" name="TestCase2" time="3.718"/>
  <system-out/>
</testsuite> <!-- testCases.ProductsTestCases -->
