<?xml version="1.0" encoding="UTF-8"?>
<!-- Generated by org.testng.reporters.JUnitReportReporter -->
<testsuite hostname="CyedTechnologies" failures="0" tests="1" name="testCases.LoginPageTestCases" time="0.394" errors="0" timestamp="2022-07-30T02:30:41 EDT" skipped="0">
  <testcase classname="testCases.LoginPageTestCases" name="TestCase1" time="0.394"/>
  <system-out/>
</testsuite> <!-- testCases.LoginPageTestCases -->
