<?xml version="1.0" encoding="UTF-8"?>
<!-- Generated by org.testng.reporters.JUnitReportReporter -->
<testsuite hostname="CyedTechnologies" failures="0" tests="1" name="testCases.LoginFailTest" time="0.272" errors="0" timestamp="2022-07-30T03:30:08 EDT" skipped="0">
  <testcase classname="testCases.LoginFailTest" name="testCase2" time="0.272"/>
  <system-out/>
</testsuite> <!-- testCases.LoginFailTest -->
