<?xml version="1.0" encoding="UTF-8"?>
<!-- Generated by org.testng.reporters.JUnitReportReporter -->
<testsuite hostname="CyedTechnologies" failures="0" tests="1" name="testCases.LoginPageTest" time="0.539" errors="0" timestamp="2022-07-30T14:58:04 EDT" skipped="0">
  <testcase classname="testCases.LoginPageTest" name="TestCase1" time="0.539"/>
  <system-out/>
</testsuite> <!-- testCases.LoginPageTest -->
